##########################################################
----------------------------------------------------------
LOG FILE CREATED BY: Default
----------------------------------------------------------
Fri Nov 13 06:26:03 2009

----------------------------------------------------------
##########################################################
 
 
Fri Nov 13 06:26:04 2009
 : Creating Terrain
Fri Nov 13 06:26:04 2009
 : Turn Off Terrain
Fri Nov 13 06:26:04 2009
 : Create Basic
Fri Nov 13 06:26:04 2009
 : Set Viewport Color
Fri Nov 13 06:26:04 2009
 : Set Fog Color
Fri Nov 13 06:26:04 2009
 : Create Light
Fri Nov 13 06:26:04 2009
 : Setup Shadows
Fri Nov 13 06:26:04 2009
 : Create Field Node
Fri Nov 13 06:26:04 2009
 : Create 50 Yard Line
Fri Nov 13 06:26:04 2009
 : Create Center Yard Line
Fri Nov 13 06:26:04 2009
 : Scale Field Objects
Fri Nov 13 06:26:04 2009
 : Create Width Yard Lines
Fri Nov 13 06:26:04 2009
 : Create Length Yard Lines
Fri Nov 13 06:26:04 2009
 : Done Creating Basic Scene
Fri Nov 13 06:26:04 2009
 : Rendered Scene
Fri Nov 13 06:26:04 2009
 : OGRE WAS INITIALIZED
