02:03:13: Creating resource group General
02:03:13: Creating resource group Internal
02:03:13: Creating resource group Autodetect
02:03:13: SceneManagerFactory for type 'DefaultSceneManager' registered.
02:03:13: Registering ResourceManager for type Material
02:03:13: Registering ResourceManager for type Mesh
02:03:13: Registering ResourceManager for type Skeleton
02:03:13: MovableObjectFactory for type 'ParticleSystem' registered.
02:03:13: OverlayElementFactory for type Panel registered.
02:03:13: OverlayElementFactory for type BorderPanel registered.
02:03:13: OverlayElementFactory for type TextArea registered.
02:03:13: Registering ResourceManager for type Font
02:03:13: ArchiveFactory for archive type FileSystem registered.
02:03:13: ArchiveFactory for archive type Zip registered.
02:03:13: FreeImage version: 3.10.0
02:03:13: This program uses FreeImage, a free, open source image library supporting all common bitmap formats. See http://freeimage.sourceforge.net for details
02:03:13: Supported formats: bmp,ico,jpg,jif,jpeg,jpe,jng,koa,iff,lbm,mng,pbm,pbm,pcd,pcx,pgm,pgm,png,ppm,ppm,ras,tga,targa,tif,tiff,wap,wbmp,wbm,psd,cut,xbm,xpm,gif,hdr,g3,sgi,exr,j2k,j2c,jp2
02:03:13: DDS codec registering
02:03:13: Registering ResourceManager for type HighLevelGpuProgram
02:03:13: Registering ResourceManager for type Compositor
02:03:13: MovableObjectFactory for type 'Entity' registered.
02:03:13: MovableObjectFactory for type 'Light' registered.
02:03:13: MovableObjectFactory for type 'BillboardSet' registered.
02:03:13: MovableObjectFactory for type 'ManualObject' registered.
02:03:13: MovableObjectFactory for type 'BillboardChain' registered.
02:03:13: MovableObjectFactory for type 'RibbonTrail' registered.
02:03:13: Loading library .\RenderSystem_Direct3D9.dll
02:03:13: Installing plugin: D3D9 RenderSystem
02:03:13: D3D9 : Direct3D9 Rendering Subsystem created.
02:03:13: D3D9: Driver Detection Starts
02:03:13: D3D9: Driver Detection Ends
02:03:13: Plugin successfully installed
02:03:13: Loading library .\RenderSystem_GL.dll
02:03:14: Installing plugin: GL RenderSystem
02:03:14: OpenGL Rendering Subsystem created.
02:03:14: Plugin successfully installed
02:03:14: Loading library .\Plugin_ParticleFX.dll
02:03:14: Installing plugin: ParticleFX
02:03:14: Particle Emitter Type 'Point' registered
02:03:14: Particle Emitter Type 'Box' registered
02:03:14: Particle Emitter Type 'Ellipsoid' registered
02:03:14: Particle Emitter Type 'Cylinder' registered
02:03:14: Particle Emitter Type 'Ring' registered
02:03:14: Particle Emitter Type 'HollowEllipsoid' registered
02:03:14: Particle Affector Type 'LinearForce' registered
02:03:14: Particle Affector Type 'ColourFader' registered
02:03:14: Particle Affector Type 'ColourFader2' registered
02:03:14: Particle Affector Type 'ColourImage' registered
02:03:14: Particle Affector Type 'ColourInterpolator' registered
02:03:14: Particle Affector Type 'Scaler' registered
02:03:14: Particle Affector Type 'Rotator' registered
02:03:14: Particle Affector Type 'DirectionRandomiser' registered
02:03:14: Particle Affector Type 'DeflectorPlane' registered
02:03:14: Plugin successfully installed
02:03:14: Loading library .\Plugin_BSPSceneManager.dll
02:03:14: Installing plugin: BSP Scene Manager
02:03:14: Plugin successfully installed
02:03:14: Loading library .\Plugin_CgProgramManager.dll
02:03:14: Installing plugin: Cg Program Manager
02:03:14: Plugin successfully installed
02:03:14: Loading library .\Plugin_PCZSceneManager.dll
02:03:14: Installing plugin: Portal Connected Zone Scene Manager
02:03:14: PCZone Factory Type 'ZoneType_Default' registered
02:03:14: Plugin successfully installed
02:03:14: Loading library .\Plugin_OctreeZone.dll
02:03:14: Installing plugin: Octree Zone Factory
02:03:14: Plugin successfully installed
02:03:14: Loading library .\Plugin_OctreeSceneManager.dll
02:03:14: Installing plugin: Octree & Terrain Scene Manager
02:03:14: Plugin successfully installed
02:03:14: *-*-* OGRE Initialising
02:03:14: *-*-* Version 1.6.3 (Shoggoth)
02:03:14: Creating resource group Bootstrap
02:03:14: Added resource location '../media/packs/OgreCore.zip' of type 'Zip' to resource group 'Bootstrap'
02:03:14: Added resource location '../media' of type 'FileSystem' to resource group 'General'
02:03:14: Added resource location '../media/fonts' of type 'FileSystem' to resource group 'General'
02:03:14: Added resource location '../media/materials/scripts' of type 'FileSystem' to resource group 'General'
02:03:14: Added resource location '../media/materials/textures' of type 'FileSystem' to resource group 'General'
02:03:14: Added resource location '../media/models' of type 'FileSystem' to resource group 'General'
02:03:14: Added resource location 'tmp' of type 'FileSystem' to resource group 'General'
02:03:14: Added resource location 'fieldkits' of type 'FileSystem' to resource group 'General'
02:03:14: Added resource location '../media/packs/cubemapsJS.zip' of type 'Zip' to resource group 'General'
02:03:14: D3D9 : RenderSystem Option: Full Screen = No
02:03:14: D3D9 : RenderSystem Option: Video Mode = 800 x 600 @ 16-bit colour
02:03:14: D3D9 : RenderSystem Option: Anti aliasing = None
02:03:14: D3D9 : RenderSystem Option: VSync = Yes
02:03:14: D3D9 : RenderSystem Option: Floating-point mode = Consistent
02:03:14: CPU Identifier & Features
02:03:14: -------------------------
02:03:14:  *   CPU ID: GenuineIntel: Intel(R) Core(TM)2 Duo CPU     P7350  @ 2.00GHz
02:03:14:  *      SSE: yes
02:03:14:  *     SSE2: yes
02:03:14:  *     SSE3: yes
02:03:14:  *      MMX: yes
02:03:14:  *   MMXEXT: yes
02:03:14:  *    3DNOW: no
02:03:14:  * 3DNOWEXT: no
02:03:14:  *     CMOV: yes
02:03:14:  *      TSC: yes
02:03:14:  *      FPU: yes
02:03:14:  *      PRO: yes
02:03:14:  *       HT: no
02:03:14: -------------------------
02:03:14: D3D9 : Subsystem Initialising
02:03:14: ***************************************
02:03:14: *** D3D9 : Subsystem Initialised OK ***
02:03:14: ***************************************
02:03:14: D3D9RenderSystem::_createRenderWindow "PFDEditClass", 800x600 windowed  miscParams: externalWindowHandle=4195282 
02:03:14: D3D9 : Created D3D9 Rendering Window 'PFDEditClass' : 871x651, 32bpp
02:03:14: D3D9 : WARNING - disabling VSync in windowed mode can cause timing issues at lower frame rates, turn VSync on if you observe this problem.
02:03:14: Registering ResourceManager for type Texture
02:03:14: Registering ResourceManager for type GpuProgram
02:03:14: RenderSystem capabilities
02:03:14: -------------------------
02:03:14: RenderSystem Name: Direct3D9 Rendering Subsystem
02:03:14: GPU Vendor: unknown
02:03:14: Device Name: VMware SVGA II
02:03:14: Driver Version: 11.6.0.13
02:03:14:  * Fixed function pipeline: yes
02:03:14:  * Hardware generation of mipmaps: no
02:03:14:  * Texture blending: yes
02:03:14:  * Anisotropic texture filtering: yes
02:03:14:  * Dot product texture operation: yes
02:03:14:  * Cube mapping: yes
02:03:14:  * Hardware stencil buffer: yes
02:03:14:    - Stencil depth: 8
02:03:14:    - Two sided stencil support: yes
02:03:14:    - Wrap stencil values: yes
02:03:14:  * Hardware vertex / index buffers: yes
02:03:14:  * Vertex programs: yes
02:03:14:  * Fragment programs: yes
02:03:14:  * Geometry programs: no
02:03:14:  * Supported Shader Profiles: hlsl ps_1_1 ps_1_2 ps_1_3 ps_1_4 ps_2_0 ps_2_b ps_2_x vs_1_1 vs_2_0 vs_2_a vs_2_x
02:03:14:  * Texture Compression: yes
02:03:14:    - DXT: yes
02:03:14:    - VTC: no
02:03:14:  * Scissor Rectangle: yes
02:03:14:  * Hardware Occlusion Query: yes
02:03:14:  * User clip planes: yes
02:03:14:  * VET_UBYTE4 vertex element type: yes
02:03:14:  * Infinite far plane projection: yes
02:03:14:  * Hardware render-to-texture: yes
02:03:14:  * Floating point textures: yes
02:03:14:  * Non-power-of-two textures: yes (limited)
02:03:14:  * Volume textures: yes
02:03:14:  * Multiple Render Targets: 1
02:03:14:    - With different bit depths: no
02:03:14:  * Point Sprites: yes
02:03:14:  * Extended point parameters: yes
02:03:14:  * Max Point Size: 64
02:03:14:  * Vertex texture fetch: no
02:03:14:  * Render to Vertex Buffer : no
02:03:14:  * DirectX per stage constants: no
02:03:14: ResourceBackgroundQueue - threading disabled
02:03:14: Particle Renderer Type 'billboard' registered
02:03:14: SceneManagerFactory for type 'BspSceneManager' registered.
02:03:14: Registering ResourceManager for type BspLevel
02:03:14: SceneManagerFactory for type 'PCZSceneManager' registered.
02:03:14: MovableObjectFactory for type 'PCZLight' registered.
02:03:14: PCZone Factory Type 'ZoneType_Octree' registered
02:03:14: PCZone Factory Type 'ZoneType_Terrain' registered
02:03:14: SceneManagerFactory for type 'OctreeSceneManager' registered.
02:03:14: SceneManagerFactory for type 'TerrainSceneManager' registered.
02:03:14: TerrainSceneManager: Registered a new PageSource for type Heightmap
02:03:14: Parsing scripts for resource group Autodetect
02:03:14: Finished parsing scripts for resource group Autodetect
02:03:14: Parsing scripts for resource group Bootstrap
02:03:14: Parsing script OgreCore.material
02:03:14: Parsing script OgreProfiler.material
02:03:14: Parsing script Ogre.fontdef
02:03:14: Parsing script OgreDebugPanel.overlay
02:03:14: Texture: New_Ogre_Border_Center.png: Loading 1 faces(PF_A8R8G8B8,256x128x1) with 5 generated mipmaps from Image. Internal format is PF_A8R8G8B8,256x128x1.
02:03:14: Texture: New_Ogre_Border.png: Loading 1 faces(PF_A8R8G8B8,256x256x1) with 5 generated mipmaps from Image. Internal format is PF_A8R8G8B8,256x256x1.
02:03:14: Texture: New_Ogre_Border_Break.png: Loading 1 faces(PF_A8R8G8B8,32x32x1) with 5 generated mipmaps from Image. Internal format is PF_A8R8G8B8,32x32x1.
02:03:14: Font BlueHighwayusing texture size 512x512
02:03:14: Info: Freetype returned null for character 127 in font BlueHighway
02:03:14: Info: Freetype returned null for character 128 in font BlueHighway
02:03:14: Info: Freetype returned null for character 129 in font BlueHighway
02:03:14: Info: Freetype returned null for character 130 in font BlueHighway
02:03:14: Info: Freetype returned null for character 131 in font BlueHighway
02:03:14: Info: Freetype returned null for character 132 in font BlueHighway
02:03:14: Info: Freetype returned null for character 133 in font BlueHighway
02:03:14: Info: Freetype returned null for character 134 in font BlueHighway
02:03:14: Info: Freetype returned null for character 135 in font BlueHighway
02:03:14: Info: Freetype returned null for character 136 in font BlueHighway
02:03:14: Info: Freetype returned null for character 137 in font BlueHighway
02:03:14: Info: Freetype returned null for character 138 in font BlueHighway
02:03:14: Info: Freetype returned null for character 139 in font BlueHighway
02:03:14: Info: Freetype returned null for character 140 in font BlueHighway
02:03:14: Info: Freetype returned null for character 141 in font BlueHighway
02:03:14: Info: Freetype returned null for character 142 in font BlueHighway
02:03:14: Info: Freetype returned null for character 143 in font BlueHighway
02:03:14: Info: Freetype returned null for character 144 in font BlueHighway
02:03:14: Info: Freetype returned null for character 145 in font BlueHighway
02:03:14: Info: Freetype returned null for character 146 in font BlueHighway
02:03:14: Info: Freetype returned null for character 147 in font BlueHighway
02:03:14: Info: Freetype returned null for character 148 in font BlueHighway
02:03:14: Info: Freetype returned null for character 149 in font BlueHighway
02:03:14: Info: Freetype returned null for character 150 in font BlueHighway
02:03:14: Info: Freetype returned null for character 151 in font BlueHighway
02:03:14: Info: Freetype returned null for character 152 in font BlueHighway
02:03:14: Info: Freetype returned null for character 153 in font BlueHighway
02:03:14: Info: Freetype returned null for character 154 in font BlueHighway
02:03:14: Info: Freetype returned null for character 155 in font BlueHighway
02:03:14: Info: Freetype returned null for character 156 in font BlueHighway
02:03:14: Info: Freetype returned null for character 157 in font BlueHighway
02:03:14: Info: Freetype returned null for character 158 in font BlueHighway
02:03:14: Info: Freetype returned null for character 159 in font BlueHighway
02:03:14: Info: Freetype returned null for character 160 in font BlueHighway
02:03:14: Texture: BlueHighwayTexture: Loading 1 faces(PF_BYTE_LA,512x512x1) with 0 generated mipmaps from Image. Internal format is PF_BYTE_LA,512x512x1.
02:03:14: Texture: ogretext.png: Loading 1 faces(PF_A8R8G8B8,256x128x1) with 5 generated mipmaps from Image. Internal format is PF_A8R8G8B8,256x128x1.
02:03:14: Parsing script OgreLoadingPanel.overlay
02:03:14: Finished parsing scripts for resource group Bootstrap
02:03:14: Parsing scripts for resource group General
02:03:14: Parsing script 50yardline.material
02:03:14: Parsing script centeryardline.material
02:03:14: Parsing script field.material
02:03:14: Parsing script pfbskybox.material
02:03:14: Parsing script yardline.material
02:03:14: Parsing script spool_mesh_b1.material
02:03:14: Parsing script spool_mesh_b1l.material
02:03:14: Parsing script spool_mesh_b2.material
02:03:14: Parsing script spool_mesh_b4.material
02:03:14: Parsing script spool_mesh_st.material
02:03:14: Parsing script sample.fontdef
02:03:14: Bad attribute line: glyph	 	0.152344	0.125	0.160156	0.1875 in font Ogre
02:03:14: Finished parsing scripts for resource group General
02:03:14: Parsing scripts for resource group Internal
02:03:14: Finished parsing scripts for resource group Internal
02:03:14: TerrainSceneManager: Activated PageSource Heightmap
02:03:14: Texture: terrain_texture.jpg: Loading 1 faces(PF_R8G8B8,256x256x1) with 5 generated mipmaps from Image. Internal format is PF_X8R8G8B8,256x256x1.
02:03:14: Texture: terrain_detail.jpg: Loading 1 faces(PF_R8G8B8,256x256x1) with 5 generated mipmaps from Image. Internal format is PF_X8R8G8B8,256x256x1.
02:03:14: Mesh: Loading field.mesh.
02:03:14: WARNING: field.mesh is an older format ([MeshSerializer_v1.30]); you should upgrade it as soon as possible using the OgreMeshUpgrade tool.
02:03:14: Texture: grass_1024.jpg: Loading 1 faces(PF_R8G8B8,1024x1024x1) with 5 generated mipmaps from Image. Internal format is PF_X8R8G8B8,1024x1024x1.
02:03:14: Mesh: Loading 50yardline.mesh.
02:03:14: WARNING: 50yardline.mesh is an older format ([MeshSerializer_v1.30]); you should upgrade it as soon as possible using the OgreMeshUpgrade tool.
02:03:14: Texture: red.bmp: Loading 1 faces(PF_R8G8B8,128x128x1) with 5 generated mipmaps from Image. Internal format is PF_X8R8G8B8,128x128x1.
02:03:14: Mesh: Loading centeryardline.mesh.
02:03:14: WARNING: centeryardline.mesh is an older format ([MeshSerializer_v1.30]); you should upgrade it as soon as possible using the OgreMeshUpgrade tool.
02:03:14: Texture: orange.bmp: Loading 1 faces(PF_R8G8B8,128x128x1) with 5 generated mipmaps from Image. Internal format is PF_X8R8G8B8,128x128x1.
02:03:14: Mesh: Loading yardline.mesh.
02:03:14: WARNING: yardline.mesh is an older format ([MeshSerializer_v1.30]); you should upgrade it as soon as possible using the OgreMeshUpgrade tool.
02:03:14: Texture: white.bmp: Loading 1 faces(PF_R8G8B8,128x128x1) with 5 generated mipmaps from Image. Internal format is PF_X8R8G8B8,128x128x1.
02:03:14: Added resource location '../fieldkits/default.pfk' of type 'Zip' to resource group 'General' with recursive option
02:03:14: Texture: spot_shadow_fade.png: Loading 1 faces(PF_R8G8B8,128x128x1) with 5 generated mipmaps from Image. Internal format is PF_X8R8G8B8,128x128x1.
02:06:39: PCZone Factory Type 'ZoneType_Octree' unregistered
02:06:39: PCZone Factory Type 'ZoneType_Terrain' unregistered
02:06:39: Unregistering ResourceManager for type BspLevel
02:06:39: *-*-* OGRE Shutdown
02:06:39: Unregistering ResourceManager for type Compositor
02:06:39: Unregistering ResourceManager for type Font
02:06:39: Unregistering ResourceManager for type Skeleton
02:06:39: Unregistering ResourceManager for type Mesh
02:06:39: Unregistering ResourceManager for type HighLevelGpuProgram
02:06:39: Uninstalling plugin: Octree & Terrain Scene Manager
02:06:39: Plugin successfully uninstalled
02:06:39: Unloading library .\Plugin_OctreeSceneManager.dll
02:06:39: Uninstalling plugin: Octree Zone Factory
02:06:39: Plugin successfully uninstalled
02:06:39: Unloading library .\Plugin_OctreeZone.dll
02:06:39: Uninstalling plugin: Portal Connected Zone Scene Manager
02:06:39: Plugin successfully uninstalled
02:06:39: Unloading library .\Plugin_PCZSceneManager.dll
02:06:39: Uninstalling plugin: Cg Program Manager
02:06:39: Plugin successfully uninstalled
02:06:39: Unloading library .\Plugin_CgProgramManager.dll
02:06:39: Uninstalling plugin: BSP Scene Manager
02:06:39: Plugin successfully uninstalled
02:06:39: Unloading library .\Plugin_BSPSceneManager.dll
02:06:39: Uninstalling plugin: ParticleFX
02:06:39: Plugin successfully uninstalled
02:06:39: Unloading library .\Plugin_ParticleFX.dll
02:06:39: Uninstalling plugin: GL RenderSystem
02:06:39: *** Stopping Win32GL Subsystem ***
02:06:39: Plugin successfully uninstalled
02:06:39: Unloading library .\RenderSystem_GL.dll
02:06:39: Uninstalling plugin: D3D9 RenderSystem
02:06:39: D3D9 : Shutting down cleanly.
02:06:39: Unregistering ResourceManager for type Texture
02:06:39: Unregistering ResourceManager for type GpuProgram
02:06:39: D3D9 : Direct3D9 Rendering Subsystem destroyed.
02:06:39: Plugin successfully uninstalled
02:06:39: Unloading library .\RenderSystem_Direct3D9.dll
02:06:39: Unregistering ResourceManager for type Material
